2023-12-17 22:05:51,935 
====================== Executing template.py  ==========================
2023-12-17 22:05:51,935 
==================== Creating project structure ========================

2023-12-17 22:05:51,936 <<'.github\workflows'>> Directory Created
2023-12-17 22:05:51,937 Empty <'main.yaml'> in <<'.github\workflows'>> created!
2023-12-17 22:05:51,938 <<''>> is a not Valid directory path or directory
2023-12-17 22:05:51,939 Empty <'dvc.yaml'> in <<''>> created!
2023-12-17 22:05:51,940 <<'Artifacts'>> Directory Created
2023-12-17 22:05:51,942 Empty <'Info.txt'> in <<'Artifacts'>> created!
2023-12-17 22:05:51,943 <<'Src'>> Directory Created
2023-12-17 22:05:51,944 Empty <'__init__.py'> in <<'Src'>> created!
2023-12-17 22:05:51,957 <<'Src\Research'>> Directory Created
2023-12-17 22:05:51,958 Empty <'experiments.ipynb'> in <<'Src\Research'>> created!
2023-12-17 22:05:51,959 <<'Src\Entities'>> Directory Created
2023-12-17 22:05:51,960 Empty <'__init__.py'> in <<'Src\Entities'>> created!
2023-12-17 22:05:51,961 <<'Src\Entities'>> Directory Created
2023-12-17 22:05:51,962 Empty <'entity.py'> in <<'Src\Entities'>> created!
2023-12-17 22:05:51,963 <<'Src'>> Directory Created
2023-12-17 22:05:51,963 Empty <'Logger.py'> in <<'Src'>> created!
2023-12-17 22:05:51,964 <<'Src'>> Directory Created
2023-12-17 22:05:51,965 Empty <'Exceptions.py'> in <<'Src'>> created!
2023-12-17 22:05:51,966 <<'Src'>> Directory Created
2023-12-17 22:05:51,968 Empty <'Utils.py'> in <<'Src'>> created!
2023-12-17 22:05:51,969 <<'Src'>> Directory Created
2023-12-17 22:05:51,970 Empty <'Config.yaml'> in <<'Src'>> created!
2023-12-17 22:05:51,971 <<'Src'>> Directory Created
2023-12-17 22:05:51,972 Empty <'Params.yaml'> in <<'Src'>> created!
2023-12-17 22:05:51,973 <<'Src\Configuration'>> Directory Created
2023-12-17 22:05:51,974 Empty <'__init__.py'> in <<'Src\Configuration'>> created!
2023-12-17 22:05:51,975 <<'Src\Configuration'>> Directory Created
2023-12-17 22:05:51,976 Empty <'config.py'> in <<'Src\Configuration'>> created!
2023-12-17 22:05:51,977 <<'Src'>> Directory Created
2023-12-17 22:05:51,977 Empty <'Constant.py'> in <<'Src'>> created!
2023-12-17 22:05:51,984 <<'Src\Components'>> Directory Created
2023-12-17 22:05:51,987 Empty <'__init__.py'> in <<'Src\Components'>> created!
2023-12-17 22:05:51,994 <<'Src\Pipelines'>> Directory Created
2023-12-17 22:05:51,996 Empty <'__init__.py'> in <<'Src\Pipelines'>> created!
2023-12-17 22:05:51,997 <<'Src'>> Directory Created
2023-12-17 22:05:52,000 Empty <'Main.py'> in <<'Src'>> created!
2023-12-17 22:05:52,002 <<'Application'>> Directory Created
2023-12-17 22:05:52,003 Empty <'Info.txt'> in <<'Application'>> created!
2023-12-17 22:05:52,004 
===================== Project Structure Created! ========================

